Android/app/build/intermediates/manifest_merge_blame_file/debug/processDebugMainManifest/manifest-merger-blame-debug-report.txt
1<?xml version="1.0" encoding="utf-8"?>
2<manifest xmlns:android="http://schemas.android.com/apk/res/android"
3    package="com.zprolab.FreePlayer"
4    android:versionCode="3"
5    android:versionName="1.2.2" >
6
7    <uses-sdk
7-->INJECTED
8        android:minSdkVersion="26"
8-->INJECTED
9        android:targetSdkVersion="37" />
9-->INJECTED
10
11    <uses-permission android:name="android.permission.POST_NOTIFICATIONS" />
11-->src/main/AndroidManifest.xml:5:5-77
11-->src/main/AndroidManifest.xml:5:22-74
12    <uses-permission android:name="android.permission.RECORD_AUDIO" />
12-->src/main/AndroidManifest.xml:6:5-71
12-->src/main/AndroidManifest.xml:6:22-68
13    <uses-permission android:name="android.permission.FOREGROUND_SERVICE" />
13-->src/main/AndroidManifest.xml:7:5-77
13-->src/main/AndroidManifest.xml:7:22-74
14    <uses-permission android:name="android.permission.FOREGROUND_SERVICE_MEDIA_PLAYBACK" />
14-->src/main/AndroidManifest.xml:8:5-92
14-->src/main/AndroidManifest.xml:8:22-89
15    <uses-permission android:name="android.permission.WAKE_LOCK" />
15-->src/main/AndroidManifest.xml:9:5-68
15-->src/main/AndroidManifest.xml:9:22-65
16    <uses-permission android:name="android.permission.ACCESS_NETWORK_STATE" />
16-->[androidx.media3:media3-common:1.8.0] AndroidManifest.xml:22:5-79
16-->[androidx.media3:media3-common:1.8.0] AndroidManifest.xml:22:22-76
17
18    <permission
18-->[androidx.core:core:1.16.0] AndroidManifest.xml:22:5-24:47
19        android:name="com.zprolab.FreePlayer.DYNAMIC_RECEIVER_NOT_EXPORTED_PERMISSION"
19-->[androidx.core:core:1.16.0] AndroidManifest.xml:23:9-81
20        android:protectionLevel="signature" />
20-->[androidx.core:core:1.16.0] AndroidManifest.xml:24:9-44
21
22    <uses-permission android:name="com.zprolab.FreePlayer.DYNAMIC_RECEIVER_NOT_EXPORTED_PERMISSION" />
22-->[androidx.core:core:1.16.0] AndroidManifest.xml:26:5-97
22-->[androidx.core:core:1.16.0] AndroidManifest.xml:26:22-94
23
24    <application
24-->src/main/AndroidManifest.xml:11:5-65:19
25        android:allowBackup="true"
25-->src/main/AndroidManifest.xml:12:9-35
26        android:appComponentFactory="androidx.core.app.CoreComponentFactory"
26-->[androidx.core:core:1.16.0] AndroidManifest.xml:28:18-86
27        android:dataExtractionRules="@xml/data_extraction_rules"
27-->src/main/AndroidManifest.xml:13:9-65
28        android:debuggable="true"
29        android:extractNativeLibs="false"
29-->INJECTED
30        android:fullBackupContent="@xml/backup_rules"
30-->src/main/AndroidManifest.xml:14:9-54
31        android:icon="@mipmap/ic_launcher"
31-->src/main/AndroidManifest.xml:15:9-43
32        android:label="@string/app_name"
32-->src/main/AndroidManifest.xml:16:9-41
33        android:roundIcon="@mipmap/ic_launcher_round"
33-->src/main/AndroidManifest.xml:17:9-54
34        android:supportsRtl="true"
34-->src/main/AndroidManifest.xml:18:9-35
35        android:theme="@style/Theme.FreePlayer" >
35-->src/main/AndroidManifest.xml:19:9-48
36        <activity
36-->src/main/AndroidManifest.xml:20:9-55:20
37            android:name="com.zprolab.FreePlayer.MainActivity"
37-->src/main/AndroidManifest.xml:21:13-41
38            android:exported="true"
38-->src/main/AndroidManifest.xml:22:13-36
39            android:label="@string/app_name"
39-->src/main/AndroidManifest.xml:23:13-45
40            android:theme="@style/Theme.FreePlayer"
40-->src/main/AndroidManifest.xml:24:13-52
41            android:windowSoftInputMode="adjustResize" >
41-->src/main/AndroidManifest.xml:25:13-55
42            <intent-filter>
42-->src/main/AndroidManifest.xml:26:13-30:29
43                <action android:name="android.intent.action.MAIN" />
43-->src/main/AndroidManifest.xml:27:17-69
43-->src/main/AndroidManifest.xml:27:25-66
44
45                <category android:name="android.intent.category.LAUNCHER" />
45-->src/main/AndroidManifest.xml:29:17-77
45-->src/main/AndroidManifest.xml:29:27-74
46            </intent-filter>
47
48            <!--
49                 Share/open audio from other apps (WeChat, file managers…):
50                 shows "FreePlayer" in the share sheet and imports the file.
51            -->
52            <intent-filter>
52-->src/main/AndroidManifest.xml:34:13-40:29
53                <action android:name="android.intent.action.SEND" />
53-->src/main/AndroidManifest.xml:35:17-69
53-->src/main/AndroidManifest.xml:35:25-66
54
55                <category android:name="android.intent.category.DEFAULT" />
55-->src/main/AndroidManifest.xml:37:17-76
55-->src/main/AndroidManifest.xml:37:27-73
56
57                <data android:mimeType="audio/*" />
57-->src/main/AndroidManifest.xml:39:17-52
57-->src/main/AndroidManifest.xml:39:23-49
58            </intent-filter>
59            <intent-filter>
59-->src/main/AndroidManifest.xml:41:13-47:29
60                <action android:name="android.intent.action.SEND_MULTIPLE" />
60-->src/main/AndroidManifest.xml:42:17-78
60-->src/main/AndroidManifest.xml:42:25-75
61
62                <category android:name="android.intent.category.DEFAULT" />
62-->src/main/AndroidManifest.xml:37:17-76
62-->src/main/AndroidManifest.xml:37:27-73
63
64                <data android:mimeType="audio/*" />
64-->src/main/AndroidManifest.xml:39:17-52
64-->src/main/AndroidManifest.xml:39:23-49
65            </intent-filter>
66            <intent-filter>
66-->src/main/AndroidManifest.xml:48:13-54:29
67                <action android:name="android.intent.action.VIEW" />
67-->src/main/AndroidManifest.xml:49:17-69
67-->src/main/AndroidManifest.xml:49:25-66
68
69                <category android:name="android.intent.category.DEFAULT" />
69-->src/main/AndroidManifest.xml:37:17-76
69-->src/main/AndroidManifest.xml:37:27-73
70
71                <data android:mimeType="audio/*" />
71-->src/main/AndroidManifest.xml:39:17-52
71-->src/main/AndroidManifest.xml:39:23-49
72            </intent-filter>
73        </activity>
74
75        <service
75-->src/main/AndroidManifest.xml:57:9-64:19
76            android:name="com.zprolab.FreePlayer.media.PlaybackService"
76-->src/main/AndroidManifest.xml:58:13-50
77            android:exported="true"
77-->src/main/AndroidManifest.xml:59:13-36
78            android:foregroundServiceType="mediaPlayback" >
78-->src/main/AndroidManifest.xml:60:13-58
79            <intent-filter>
79-->src/main/AndroidManifest.xml:61:13-63:29
80                <action android:name="androidx.media3.session.MediaSessionService" />
80-->src/main/AndroidManifest.xml:62:17-86
80-->src/main/AndroidManifest.xml:62:25-83
81            </intent-filter>
82        </service>
83
84        <activity
84-->[androidx.compose.ui:ui-tooling-android:1.10.4] AndroidManifest.xml:23:9-25:39
85            android:name="androidx.compose.ui.tooling.PreviewActivity"
85-->[androidx.compose.ui:ui-tooling-android:1.10.4] AndroidManifest.xml:24:13-71
86            android:exported="true" />
86-->[androidx.compose.ui:ui-tooling-android:1.10.4] AndroidManifest.xml:25:13-36
87        <activity
87-->[androidx.compose.ui:ui-test-manifest:1.10.4] AndroidManifest.xml:23:9-26:79
88            android:name="androidx.activity.ComponentActivity"
88-->[androidx.compose.ui:ui-test-manifest:1.10.4] AndroidManifest.xml:24:13-63
89            android:exported="true"
89-->[androidx.compose.ui:ui-test-manifest:1.10.4] AndroidManifest.xml:25:13-36
90            android:theme="@android:style/Theme.Material.Light.NoActionBar" />
90-->[androidx.compose.ui:ui-test-manifest:1.10.4] AndroidManifest.xml:26:13-76
91
92        <provider
92-->[androidx.emoji2:emoji2:1.4.0] AndroidManifest.xml:24:9-32:20
93            android:name="androidx.startup.InitializationProvider"
93-->[androidx.emoji2:emoji2:1.4.0] AndroidManifest.xml:25:13-67
94            android:authorities="com.zprolab.FreePlayer.androidx-startup"
94-->[androidx.emoji2:emoji2:1.4.0] AndroidManifest.xml:26:13-68
95            android:exported="false" >
95-->[androidx.emoji2:emoji2:1.4.0] AndroidManifest.xml:27:13-37
96            <meta-data
96-->[androidx.emoji2:emoji2:1.4.0] AndroidManifest.xml:29:13-31:52
97                android:name="androidx.emoji2.text.EmojiCompatInitializer"
97-->[androidx.emoji2:emoji2:1.4.0] AndroidManifest.xml:30:17-75
98                android:value="androidx.startup" />
98-->[androidx.emoji2:emoji2:1.4.0] AndroidManifest.xml:31:17-49
99            <meta-data
99-->[androidx.lifecycle:lifecycle-process:2.9.4] AndroidManifest.xml:29:13-31:52
100                android:name="androidx.lifecycle.ProcessLifecycleInitializer"
100-->[androidx.lifecycle:lifecycle-process:2.9.4] AndroidManifest.xml:30:17-78
101                android:value="androidx.startup" />
101-->[androidx.lifecycle:lifecycle-process:2.9.4] AndroidManifest.xml:31:17-49
102            <meta-data
102-->[androidx.profileinstaller:profileinstaller:1.4.0] AndroidManifest.xml:29:13-31:52
103                android:name="androidx.profileinstaller.ProfileInstallerInitializer"
103-->[androidx.profileinstaller:profileinstaller:1.4.0] AndroidManifest.xml:30:17-85
104                android:value="androidx.startup" />
104-->[androidx.profileinstaller:profileinstaller:1.4.0] AndroidManifest.xml:31:17-49
105        </provider>
106
107        <uses-library
107-->[androidx.window:window:1.5.0] AndroidManifest.xml:23:9-25:40
108            android:name="androidx.window.extensions"
108-->[androidx.window:window:1.5.0] AndroidManifest.xml:24:13-54
109            android:required="false" />
109-->[androidx.window:window:1.5.0] AndroidManifest.xml:25:13-37
110        <uses-library
110-->[androidx.window:window:1.5.0] AndroidManifest.xml:26:9-28:40
111            android:name="androidx.window.sidecar"
111-->[androidx.window:window:1.5.0] AndroidManifest.xml:27:13-51
112            android:required="false" />
112-->[androidx.window:window:1.5.0] AndroidManifest.xml:28:13-37
113
114        <receiver
114-->[androidx.profileinstaller:profileinstaller:1.4.0] AndroidManifest.xml:34:9-52:20
115            android:name="androidx.profileinstaller.ProfileInstallReceiver"
115-->[androidx.profileinstaller:profileinstaller:1.4.0] AndroidManifest.xml:35:13-76
116            android:directBootAware="false"
116-->[androidx.profileinstaller:profileinstaller:1.4.0] AndroidManifest.xml:36:13-44
117            android:enabled="true"
117-->[androidx.profileinstaller:profileinstaller:1.4.0] AndroidManifest.xml:37:13-35
118            android:exported="true"
118-->[androidx.profileinstaller:profileinstaller:1.4.0] AndroidManifest.xml:38:13-36
119            android:permission="android.permission.DUMP" >
119-->[androidx.profileinstaller:profileinstaller:1.4.0] AndroidManifest.xml:39:13-57
120            <intent-filter>
120-->[androidx.profileinstaller:profileinstaller:1.4.0] AndroidManifest.xml:40:13-42:29
121                <action android:name="androidx.profileinstaller.action.INSTALL_PROFILE" />
121-->[androidx.profileinstaller:profileinstaller:1.4.0] AndroidManifest.xml:41:17-91
121-->[androidx.profileinstaller:profileinstaller:1.4.0] AndroidManifest.xml:41:25-88
122            </intent-filter>
123            <intent-filter>
123-->[androidx.profileinstaller:profileinstaller:1.4.0] AndroidManifest.xml:43:13-45:29
124                <action android:name="androidx.profileinstaller.action.SKIP_FILE" />
124-->[androidx.profileinstaller:profileinstaller:1.4.0] AndroidManifest.xml:44:17-85
124-->[androidx.profileinstaller:profileinstaller:1.4.0] AndroidManifest.xml:44:25-82
125            </intent-filter>
126            <intent-filter>
126-->[androidx.profileinstaller:profileinstaller:1.4.0] AndroidManifest.xml:46:13-48:29
127                <action android:name="androidx.profileinstaller.action.SAVE_PROFILE" />
127-->[androidx.profileinstaller:profileinstaller:1.4.0] AndroidManifest.xml:47:17-88
127-->[androidx.profileinstaller:profileinstaller:1.4.0] AndroidManifest.xml:47:25-85
128            </intent-filter>
129            <intent-filter>
129-->[androidx.profileinstaller:profileinstaller:1.4.0] AndroidManifest.xml:49:13-51:29
130                <action android:name="androidx.profileinstaller.action.BENCHMARK_OPERATION" />
130-->[androidx.profileinstaller:profileinstaller:1.4.0] AndroidManifest.xml:50:17-95
130-->[androidx.profileinstaller:profileinstaller:1.4.0] AndroidManifest.xml:50:25-92
131            </intent-filter>
132        </receiver>
133    </application>
134
135</manifest>